<?xml version="1.0" encoding="UTF-8"?>
<testsuite xmlns:xsi="http://www.w3.org/2001/XMLSchema-instance" xsi:noNamespaceSchemaLocation="https://maven.apache.org/surefire/maven-surefire-plugin/xsd/surefire-test-report.xsd" name="com.github.nsimonyan.todolist.TodoListApplicationTests" time="10.657" tests="5" errors="0" skipped="0" failures="0">
  <properties>
[...]
</properties>
  <testcase name="testCreateTodoItem" classname="com.github.nsimonyan.todolist.TodoListApplicationTests" time="1.327"/>
  <testcase name="testUpdateTodo" classname="com.github.nsimonyan.todolist.TodoListApplicationTests" time="0.125"/>
  <testcase name="testGetSingleTodoItem" classname="com.github.nsimonyan.todolist.TodoListApplicationTests" time="0.087"/>
  <testcase name="testGetAllTodoItems" classname="com.github.nsimonyan.todolist.TodoListApplicationTests" time="0.102"/>
  <testcase name="testDeleteTodo" classname="com.github.nsimonyan.todolist.TodoListApplicationTests" time="0.024"/>
</testsuite>